Experiments/abhuynh/VolleyRemoteServer/app/build/intermediates/manifest_merge_blame_file/debug/manifest-merger-blame-debug-report.txt
1<?xml version="1.0" encoding="utf-8"?>
2<manifest xmlns:android="http://schemas.android.com/apk/res/android"
3    package="com.example.volleyremoteserver"
4    android:versionCode="1"
5    android:versionName="1.0" >
6
7    <uses-sdk
8        android:minSdkVersion="21"
8-->src\main\AndroidManifest.xml
9        android:targetSdkVersion="32" />
9-->src\main\AndroidManifest.xml
10
11    <uses-permission android:name="android.permission.INTERNET" />
11-->src\main\AndroidManifest.xml:5:5-67
11-->src\main\AndroidManifest.xml:5:22-64
12
13    <application
13-->src\main\AndroidManifest.xml:7:5-26:19
14        android:name="com.example.volleyremoteserver.app.AppController"
14-->src\main\AndroidManifest.xml:8:9-72
15        android:allowBackup="true"
15-->src\main\AndroidManifest.xml:11:9-35
16        android:appComponentFactory="androidx.core.app.CoreComponentFactory"
16-->[androidx.core:core:1.7.0] AndroidManifest.xml:24:18-86
17        android:debuggable="true"
18        android:icon="@mipmap/ic_launcher"
18-->src\main\AndroidManifest.xml:12:9-43
19        android:label="@string/app_name"
19-->src\main\AndroidManifest.xml:13:9-41
20        android:roundIcon="@mipmap/ic_launcher_round"
20-->src\main\AndroidManifest.xml:14:9-54
21        android:supportsRtl="true"
21-->src\main\AndroidManifest.xml:15:9-35
22        android:testOnly="true"
23        android:theme="@style/Theme.VolleyRemoteServer"
23-->src\main\AndroidManifest.xml:16:9-56
24        android:usesCleartextTraffic="true" >
24-->src\main\AndroidManifest.xml:9:9-44
25        <activity
25-->src\main\AndroidManifest.xml:17:9-25:20
26            android:name="com.example.volleyremoteserver.MainActivity"
26-->src\main\AndroidManifest.xml:18:13-41
27            android:exported="true" >
27-->src\main\AndroidManifest.xml:19:13-36
28            <intent-filter>
28-->src\main\AndroidManifest.xml:20:13-24:29
29                <action android:name="android.intent.action.MAIN" />
29-->src\main\AndroidManifest.xml:21:17-69
29-->src\main\AndroidManifest.xml:21:25-66
30
31                <category android:name="android.intent.category.LAUNCHER" />
31-->src\main\AndroidManifest.xml:23:17-77
31-->src\main\AndroidManifest.xml:23:27-74
32            </intent-filter>
33        </activity>
34
35        <provider
35-->[androidx.emoji2:emoji2:1.0.0] AndroidManifest.xml:26:9-34:20
36            android:name="androidx.startup.InitializationProvider"
36-->[androidx.emoji2:emoji2:1.0.0] AndroidManifest.xml:27:13-67
37            android:authorities="com.example.volleyremoteserver.androidx-startup"
37-->[androidx.emoji2:emoji2:1.0.0] AndroidManifest.xml:28:13-68
38            android:exported="false" >
38-->[androidx.emoji2:emoji2:1.0.0] AndroidManifest.xml:29:13-37
39            <meta-data
39-->[androidx.emoji2:emoji2:1.0.0] AndroidManifest.xml:31:13-33:52
40                android:name="androidx.emoji2.text.EmojiCompatInitializer"
40-->[androidx.emoji2:emoji2:1.0.0] AndroidManifest.xml:32:17-75
41                android:value="androidx.startup" />
41-->[androidx.emoji2:emoji2:1.0.0] AndroidManifest.xml:33:17-49
42            <meta-data
42-->[androidx.lifecycle:lifecycle-process:2.4.0] AndroidManifest.xml:31:13-33:52
43                android:name="androidx.lifecycle.ProcessLifecycleInitializer"
43-->[androidx.lifecycle:lifecycle-process:2.4.0] AndroidManifest.xml:32:17-78
44                android:value="androidx.startup" />
44-->[androidx.lifecycle:lifecycle-process:2.4.0] AndroidManifest.xml:33:17-49
45        </provider>
46    </application>
47
48</manifest>